c:\users\user\source\repos\binarytree\binarytree\x64\debug\vc143.pdb
c:\users\user\source\repos\binarytree\binarytree\x64\debug\vc143.idb
c:\users\user\source\repos\binarytree\binarytree\x64\debug\recursion.obj
c:\users\user\source\repos\binarytree\binarytree\x64\debug\binarytree.obj
c:\users\user\source\repos\binarytree\binarytree\x64\debug\binarytree2.obj
c:\users\user\source\repos\binarytree\x64\debug\binarytree.exe
c:\users\user\source\repos\binarytree\binarytree\x64\debug\binarytree.ilk
c:\users\user\source\repos\binarytree\x64\debug\binarytree.pdb
c:\users\user\source\repos\binarytree\binarytree\x64\debug\binarytree1.obj
c:\users\user\source\repos\binarytree\binarytree\x64\debug\binarytree1.obj.enc
c:\users\user\source\repos\binarytree\binarytree\x64\debug\binarytree.tlog\cl.command.1.tlog
c:\users\user\source\repos\binarytree\binarytree\x64\debug\binarytree.tlog\cl.read.1.tlog
c:\users\user\source\repos\binarytree\binarytree\x64\debug\binarytree.tlog\cl.write.1.tlog
c:\users\user\source\repos\binarytree\binarytree\x64\debug\binarytree.tlog\link.22372-cvtres.read.1.tlog
c:\users\user\source\repos\binarytree\binarytree\x64\debug\binarytree.tlog\link.22372-cvtres.write.1.tlog
c:\users\user\source\repos\binarytree\binarytree\x64\debug\binarytree.tlog\link.22372-rc.read.1.tlog
c:\users\user\source\repos\binarytree\binarytree\x64\debug\binarytree.tlog\link.22372-rc.write.1.tlog
c:\users\user\source\repos\binarytree\binarytree\x64\debug\binarytree.tlog\link.22372.read.1.tlog
c:\users\user\source\repos\binarytree\binarytree\x64\debug\binarytree.tlog\link.22372.read.2.tlog
c:\users\user\source\repos\binarytree\binarytree\x64\debug\binarytree.tlog\link.22372.write.1.tlog
c:\users\user\source\repos\binarytree\binarytree\x64\debug\binarytree.tlog\link.command.1.tlog
c:\users\user\source\repos\binarytree\binarytree\x64\debug\binarytree.tlog\link.read.1.tlog
c:\users\user\source\repos\binarytree\binarytree\x64\debug\binarytree.tlog\link.write.1.tlog
